<?xml version="1.0" encoding="UTF-8"?>
<testsuite xmlns:xsi="http://www.w3.org/2001/XMLSchema-instance" xsi:noNamespaceSchemaLocation="https://maven.apache.org/surefire/maven-surefire-plugin/xsd/surefire-test-report-3.0.xsd" version="3.0" name="TestSuite" time="44.359" tests="1" errors="0" skipped="0" failures="1">
  <properties>
[...]
</properties>
  <testcase name="loginSucess" classname="testcases.LoginScenario" time="35.147">
    <failure message="Expected condition failed: waiting for url to contain &quot;dashboard&quot;. Current url: &quot;https://opensource-demo.orangehrmlive.com/index.php/auth/validateCredentials&quot; (tried for 30 second(s) with 500 milliseconds interval)&#10;Build info: version: &apos;4.0.0-alpha-2&apos;, revision: &apos;f148142cf8&apos;, time: &apos;2019-07-01T20:55:26&apos;&#10;System info: host: &apos;CHANDANI&apos;, ip: &apos;192.168.99.1&apos;, os.name: &apos;Windows 8.1&apos;, os.arch: &apos;amd64&apos;, os.version: &apos;6.3&apos;, java.version: &apos;1.8.0_40&apos;&#10;Driver info: org.openqa.selenium.chrome.ChromeDriver&#10;Capabilities {acceptInsecureCerts: false, browserName: chrome, browserVersion: 75.0.3770.142, chrome: {chromedriverVersion: 75.0.3770.90 (a6dcaf7e3ec6f..., userDataDir: C:\Users\CHANDA~1\AppData\L...}, goog:chromeOptions: {debuggerAddress: localhost:62105}, javascriptEnabled: true, networkConnectionEnabled: false, pageLoadStrategy: normal, platform: XP, platformName: XP, proxy: Proxy(), setWindowRect: true, strictFileInteractability: false, timeouts: {implicit: 0, pageLoad: 300000, script: 30000}, unhandledPromptBehavior: dismiss and notify}&#10;Session ID: e97ed064c5827091a01ac775b1818e6d" type="org.openqa.selenium.TimeoutException">org.openqa.selenium.TimeoutException: 
Expected condition failed: waiting for url to contain "dashboard". Current url: "https://opensource-demo.orangehrmlive.com/index.php/auth/validateCredentials" (tried for 30 second(s) with 500 milliseconds interval)
Build info: version: '4.0.0-alpha-2', revision: 'f148142cf8', time: '2019-07-01T20:55:26'
System info: host: 'CHANDANI', ip: '192.168.99.1', os.name: 'Windows 8.1', os.arch: 'amd64', os.version: '6.3', java.version: '1.8.0_40'
Driver info: org.openqa.selenium.chrome.ChromeDriver
Capabilities {acceptInsecureCerts: false, browserName: chrome, browserVersion: 75.0.3770.142, chrome: {chromedriverVersion: 75.0.3770.90 (a6dcaf7e3ec6f..., userDataDir: C:\Users\CHANDA~1\AppData\L...}, goog:chromeOptions: {debuggerAddress: localhost:62105}, javascriptEnabled: true, networkConnectionEnabled: false, pageLoadStrategy: normal, platform: XP, platformName: XP, proxy: Proxy(), setWindowRect: true, strictFileInteractability: false, timeouts: {implicit: 0, pageLoad: 300000, script: 30000}, unhandledPromptBehavior: dismiss and notify}
Session ID: e97ed064c5827091a01ac775b1818e6d
	at testcases.LoginScenario.loginSucess(LoginScenario.java:37)
</failure>
    <system-out><![CDATA[Extent report is getting started
Extent report is ready to use 
LOG: INFO : Creating browser instances
LOG :Info- Creating Browser Instance
LOG :Info- Browser Session Created
LOG: INFO : Browser instance is ready 
]]></system-out>
    <system-err><![CDATA[Starting ChromeDriver 75.0.3770.90 (a6dcaf7e3ec6f70a194cc25e8149475c6590e025-refs/branch-heads/3770@{#1003}) on port 9614
Only local connections are allowed.
Please protect ports used by ChromeDriver and related test frameworks to prevent access by malicious code.
Jul 24, 2019 2:09:08 AM org.openqa.selenium.remote.ProtocolHandshake createSession
INFO: Detected dialect: W3C
]]></system-err>
  </testcase>
</testsuite>