<?xml version="1.0" encoding="UTF-8"?>
<!-- Generated by org.testng.reporters.JUnitXMLReporter -->
<testsuite hostname="Chandani" name="Test" tests="6" failures="0" timestamp="13 Jul 2019 03:53:33 GMT" time="20.777" errors="0">
  <testcase name="testConfigData" time="0.021" classname="unitTest.FileUnitTest"/>
  <testcase name="testExcelData" time="1.061" classname="unitTest.FileUnitTest"/>
  <testcase name="test1" time="0.0" classname="unitTest.UnitTest1"/>
  <testcase name="testChrome" time="6.102" classname="unitTest.TestBrowsers"/>
  <testcase name="testFirefox" time="10.607" classname="unitTest.TestBrowsers"/>
  <testcase name="testIE" time="2.956" classname="unitTest.TestBrowsers"/>
</testsuite> <!-- Test -->
